{"level":"info","message":"GET en / + function toLocaleTimeString() { [native code] } "}
{"level":"info","message":"GET en /api/auth/login + function toLocaleTimeString() { [native code] } "}
{"level":"info","message":"GET en /login + function toLocaleTimeString() { [native code] } "}
{"level":"info","message":"GET en /api/auth/register + function toLocaleTimeString() { [native code] } "}
{"level":"info","message":"GET en /register + function toLocaleTimeString() { [native code] } "}
{"level":"info","message":"POST en /api/auth/register + function toLocaleTimeString() { [native code] } "}
{"level":"info","message":"POST en /register + function toLocaleTimeString() { [native code] } "}
{"level":"info","message":"GET en / + function toLocaleTimeString() { [native code] } "}
{"level":"info","message":"GET en /api/auth/login + function toLocaleTimeString() { [native code] } "}
{"level":"info","message":"GET en /login + function toLocaleTimeString() { [native code] } "}
{"level":"info","message":"GET en /api/auth/register + function toLocaleTimeString() { [native code] } "}
{"level":"info","message":"GET en /register + function toLocaleTimeString() { [native code] } "}
{"level":"info","message":"POST en /api/auth/register + function toLocaleTimeString() { [native code] } "}
{"level":"info","message":"POST en /register + function toLocaleTimeString() { [native code] } "}
{"level":"info","message":"GET en / + function toLocaleTimeString() { [native code] } "}
{"level":"info","message":"GET en /api/auth/login + function toLocaleTimeString() { [native code] } "}
{"level":"info","message":"GET en /login + function toLocaleTimeString() { [native code] } "}
{"level":"info","message":"GET en /api/auth/register + function toLocaleTimeString() { [native code] } "}
{"level":"info","message":"GET en /register + function toLocaleTimeString() { [native code] } "}
{"level":"info","message":"POST en /api/auth/register + function toLocaleTimeString() { [native code] } "}
{"level":"info","message":"POST en /register + function toLocaleTimeString() { [native code] } "}
{"level":"info","message":"GET en / + function toLocaleTimeString() { [native code] } "}
{"level":"info","message":"GET en /api/auth/login + function toLocaleTimeString() { [native code] } "}
{"level":"info","message":"GET en /login + function toLocaleTimeString() { [native code] } "}
{"level":"info","message":"GET en /api/auth/register + function toLocaleTimeString() { [native code] } "}
{"level":"info","message":"GET en /register + function toLocaleTimeString() { [native code] } "}
{"level":"info","message":"POST en /api/auth/register + function toLocaleTimeString() { [native code] } "}
{"level":"info","message":"POST en /register + function toLocaleTimeString() { [native code] } "}
{"level":"info","message":"GET en / + function toLocaleTimeString() { [native code] } "}
{"level":"info","message":"GET en /api/auth/login + function toLocaleTimeString() { [native code] } "}
{"level":"info","message":"GET en /login + function toLocaleTimeString() { [native code] } "}
{"level":"info","message":"GET en /api/auth/register + function toLocaleTimeString() { [native code] } "}
{"level":"info","message":"GET en /register + function toLocaleTimeString() { [native code] } "}
{"level":"info","message":"POST en /api/auth/register + function toLocaleTimeString() { [native code] } "}
{"level":"info","message":"POST en /register + function toLocaleTimeString() { [native code] } "}
{"level":"info","message":"GET en / + function toLocaleTimeString() { [native code] } "}
{"level":"info","message":"GET en /api/auth/login + function toLocaleTimeString() { [native code] } "}
{"level":"info","message":"GET en /login + function toLocaleTimeString() { [native code] } "}
{"level":"info","message":"GET en /api/auth/register + function toLocaleTimeString() { [native code] } "}
{"level":"info","message":"GET en /register + function toLocaleTimeString() { [native code] } "}
{"level":"info","message":"POST en /api/auth/register + function toLocaleTimeString() { [native code] } "}
{"level":"info","message":"POST en /register + function toLocaleTimeString() { [native code] } "}
{"level":"info","message":"GET en /api/auth/register + function toLocaleTimeString() { [native code] } "}
{"level":"info","message":"GET en /register + function toLocaleTimeString() { [native code] } "}
{"level":"info","message":"POST en /api/auth/register + function toLocaleTimeString() { [native code] } "}
{"level":"info","message":"POST en /register + function toLocaleTimeString() { [native code] } "}
{"level":"info","message":"GET en /img/1679972111822-el-vino.jpg + function toLocaleTimeString() { [native code] } "}
{"level":"info","message":"POST en /api/auth/login + function toLocaleTimeString() { [native code] } "}
{"level":"info","message":"POST en /login + function toLocaleTimeString() { [native code] } "}
{"level":"info","message":"GET en /api/auth/logout + function toLocaleTimeString() { [native code] } "}
{"level":"info","message":"GET en /logout + function toLocaleTimeString() { [native code] } "}
{"level":"info","message":"GET en /api/auth/logout + function toLocaleTimeString() { [native code] } "}
{"level":"info","message":"GET en /logout + function toLocaleTimeString() { [native code] } "}
{"level":"info","message":"GET en / + function toLocaleTimeString() { [native code] } "}
{"level":"info","message":"GET en /api/auth/login + function toLocaleTimeString() { [native code] } "}
{"level":"info","message":"GET en /login + function toLocaleTimeString() { [native code] } "}
{"level":"info","message":"GET en / + function toLocaleTimeString() { [native code] } "}
{"level":"info","message":"GET en /api/auth/login + function toLocaleTimeString() { [native code] } "}
{"level":"info","message":"GET en /login + function toLocaleTimeString() { [native code] } "}
{"level":"info","message":"POST en /api/auth/login + function toLocaleTimeString() { [native code] } "}
{"level":"info","message":"POST en /login + function toLocaleTimeString() { [native code] } "}
{"level":"info","message":"GET en /socket.io/socket.io.js + function toLocaleTimeString() { [native code] } "}
{"level":"info","message":"GET en /api/auth/index.js + function toLocaleTimeString() { [native code] } "}
{"level":"info","message":"GET en /api/profile + function toLocaleTimeString() { [native code] } "}
{"level":"info","message":"GET en / + function toLocaleTimeString() { [native code] } "}
{"level":"info","message":"GET en /img/ + function toLocaleTimeString() { [native code] } "}
{"level":"info","message":"GET en /socket.io/socket.io.js + function toLocaleTimeString() { [native code] } "}
{"level":"info","message":"GET en /api/index.js + function toLocaleTimeString() { [native code] } "}
{"level":"info","message":"GET en / + function toLocaleTimeString() { [native code] } "}
{"level":"info","message":"GET en /socket.io/socket.io.js + function toLocaleTimeString() { [native code] } "}
{"level":"info","message":"GET en /index.js + function toLocaleTimeString() { [native code] } "}
{"level":"info","message":"GET en / + function toLocaleTimeString() { [native code] } "}
{"level":"info","message":"GET en /socket.io/socket.io.js + function toLocaleTimeString() { [native code] } "}
{"level":"info","message":"GET en /index.js + function toLocaleTimeString() { [native code] } "}
{"level":"info","message":"GET en / + function toLocaleTimeString() { [native code] } "}
{"level":"info","message":"GET en /socket.io/socket.io.js + function toLocaleTimeString() { [native code] } "}
{"level":"info","message":"GET en /index.js + function toLocaleTimeString() { [native code] } "}
{"level":"info","message":"GET en / + function toLocaleTimeString() { [native code] } "}
{"level":"info","message":"GET en /socket.io/socket.io.js + function toLocaleTimeString() { [native code] } "}
{"level":"info","message":"GET en /index.js + function toLocaleTimeString() { [native code] } "}
{"level":"info","message":"GET en / + function toLocaleTimeString() { [native code] } "}
{"level":"info","message":"GET en /socket.io/socket.io.js + function toLocaleTimeString() { [native code] } "}
{"level":"info","message":"GET en /index.js + function toLocaleTimeString() { [native code] } "}
{"level":"info","message":"GET en / + function toLocaleTimeString() { [native code] } "}
{"level":"info","message":"GET en /socket.io/socket.io.js + function toLocaleTimeString() { [native code] } "}
{"level":"info","message":"GET en /index.js + function toLocaleTimeString() { [native code] } "}
{"level":"info","message":"GET en / + function toLocaleTimeString() { [native code] } "}
{"level":"info","message":"GET en /socket.io/socket.io.js + function toLocaleTimeString() { [native code] } "}
{"level":"info","message":"GET en /index.js + function toLocaleTimeString() { [native code] } "}
{"level":"info","message":"GET en /api/profile + function toLocaleTimeString() { [native code] } "}
{"level":"info","message":"GET en / + function toLocaleTimeString() { [native code] } "}
{"level":"info","message":"GET en /img/ + function toLocaleTimeString() { [native code] } "}
{"level":"info","message":"GET en /socket.io/socket.io.js + function toLocaleTimeString() { [native code] } "}
{"level":"info","message":"GET en /api/index.js + function toLocaleTimeString() { [native code] } "}
{"level":"info","message":"GET en /api/profile + function toLocaleTimeString() { [native code] } "}
{"level":"info","message":"GET en / + function toLocaleTimeString() { [native code] } "}
{"level":"info","message":"GET en /img/http://localhost:8080/img/1679972111822-el-vino.jpg + function toLocaleTimeString() { [native code] } "}
{"level":"info","message":"GET en /socket.io/socket.io.js + function toLocaleTimeString() { [native code] } "}
{"level":"info","message":"GET en /api/index.js + function toLocaleTimeString() { [native code] } "}
{"level":"info","message":"GET en /api/profile + function toLocaleTimeString() { [native code] } "}
{"level":"info","message":"GET en / + function toLocaleTimeString() { [native code] } "}
{"level":"info","message":"GET en /socket.io/socket.io.js + function toLocaleTimeString() { [native code] } "}
{"level":"info","message":"GET en /api/index.js + function toLocaleTimeString() { [native code] } "}
{"level":"info","message":"GET en /img/1679972111822-el-vino.jpg + function toLocaleTimeString() { [native code] } "}
{"level":"info","message":"GET en / + function toLocaleTimeString() { [native code] } "}
{"level":"info","message":"GET en /socket.io/socket.io.js + function toLocaleTimeString() { [native code] } "}
{"level":"info","message":"GET en /index.js + function toLocaleTimeString() { [native code] } "}
{"level":"info","message":"GET en / + function toLocaleTimeString() { [native code] } "}
{"level":"info","message":"GET en /socket.io/socket.io.js + function toLocaleTimeString() { [native code] } "}
{"level":"info","message":"GET en /index.js + function toLocaleTimeString() { [native code] } "}
{"level":"info","message":"GET en / + function toLocaleTimeString() { [native code] } "}
{"level":"info","message":"GET en /socket.io/socket.io.js + function toLocaleTimeString() { [native code] } "}
{"level":"info","message":"GET en /index.js + function toLocaleTimeString() { [native code] } "}
{"level":"info","message":"GET en / + function toLocaleTimeString() { [native code] } "}
{"level":"info","message":"GET en /socket.io/socket.io.js + function toLocaleTimeString() { [native code] } "}
{"level":"info","message":"GET en /index.js + function toLocaleTimeString() { [native code] } "}
{"level":"info","message":"GET en / + function toLocaleTimeString() { [native code] } "}
{"level":"info","message":"GET en /socket.io/socket.io.js + function toLocaleTimeString() { [native code] } "}
{"level":"info","message":"GET en /index.js + function toLocaleTimeString() { [native code] } "}
{"level":"info","message":"GET en /api/cart + function toLocaleTimeString() { [native code] } "}
{"level":"info","message":"GET en /api/productos + function toLocaleTimeString() { [native code] } "}
{"level":"info","message":"GET en / + function toLocaleTimeString() { [native code] } "}
{"level":"info","message":"GET en /socket.io/socket.io.js + function toLocaleTimeString() { [native code] } "}
{"level":"info","message":"GET en /index.js + function toLocaleTimeString() { [native code] } "}
{"level":"info","message":"GET en / + function toLocaleTimeString() { [native code] } "}
{"level":"info","message":"GET en /api/auth/login + function toLocaleTimeString() { [native code] } "}
{"level":"info","message":"GET en /login + function toLocaleTimeString() { [native code] } "}
{"level":"info","message":"POST en /api/auth/login + function toLocaleTimeString() { [native code] } "}
{"level":"info","message":"POST en /login + function toLocaleTimeString() { [native code] } "}
{"level":"info","message":"GET en /socket.io/socket.io.js + function toLocaleTimeString() { [native code] } "}
{"level":"info","message":"GET en /api/auth/index.js + function toLocaleTimeString() { [native code] } "}
{"level":"info","message":"GET en /api/profile + function toLocaleTimeString() { [native code] } "}
{"level":"info","message":"GET en / + function toLocaleTimeString() { [native code] } "}
{"level":"info","message":"GET en /img/1679972111822-el-vino.jpg + function toLocaleTimeString() { [native code] } "}
{"level":"info","message":"GET en /socket.io/socket.io.js + function toLocaleTimeString() { [native code] } "}
{"level":"info","message":"GET en /api/index.js + function toLocaleTimeString() { [native code] } "}
{"level":"info","message":"GET en / + function toLocaleTimeString() { [native code] } "}
{"level":"info","message":"GET en /socket.io/socket.io.js + function toLocaleTimeString() { [native code] } "}
{"level":"info","message":"GET en /index.js + function toLocaleTimeString() { [native code] } "}
{"level":"info","message":"GET en /api/productos + function toLocaleTimeString() { [native code] } "}
{"level":"info","message":"GET en / + function toLocaleTimeString() { [native code] } "}
{"level":"info","message":"GET en /api/auth/login + function toLocaleTimeString() { [native code] } "}
{"level":"info","message":"GET en /login + function toLocaleTimeString() { [native code] } "}
{"level":"info","message":"GET en /api/carrito + function toLocaleTimeString() { [native code] } "}
{"level":"info","message":"GET en /api/carritos + function toLocaleTimeString() { [native code] } "}
{"level":"info","message":"PUT en /api/carritos/ + function toLocaleTimeString() { [native code] } "}
{"level":"info","message":"POST en /api/carritos/ + function toLocaleTimeString() { [native code] } "}
{"level":"info","message":"POST en /api/carritos/ + function toLocaleTimeString() { [native code] } "}
{"level":"info","message":"POST en /api/carritos/ + function toLocaleTimeString() { [native code] } "}
{"level":"info","message":"GET en /api/carritos + function toLocaleTimeString() { [native code] } "}
{"level":"info","message":"GET en /api/carritos + function toLocaleTimeString() { [native code] } "}
{"level":"info","message":"GET en /api/carritos + function toLocaleTimeString() { [native code] } "}
{"level":"info","message":"GET en /api/carritos + function toLocaleTimeString() { [native code] } "}
{"level":"info","message":"GET en / + function toLocaleTimeString() { [native code] } "}
{"level":"info","message":"GET en /api/auth/login + function toLocaleTimeString() { [native code] } "}
{"level":"info","message":"GET en /login + function toLocaleTimeString() { [native code] } "}
{"level":"info","message":"GET en /api/auth/register + function toLocaleTimeString() { [native code] } "}
{"level":"info","message":"GET en /register + function toLocaleTimeString() { [native code] } "}
{"level":"info","message":"POST en /api/auth/register + function toLocaleTimeString() { [native code] } "}
{"level":"info","message":"POST en /register + function toLocaleTimeString() { [native code] } "}
{"level":"info","message":"GET en /api/auth/register + function toLocaleTimeString() { [native code] } "}
{"level":"info","message":"GET en /register + function toLocaleTimeString() { [native code] } "}
{"level":"info","message":"POST en /api/auth/register + function toLocaleTimeString() { [native code] } "}
{"level":"info","message":"POST en /register + function toLocaleTimeString() { [native code] } "}
{"level":"info","message":"GET en /api/auth/register + function toLocaleTimeString() { [native code] } "}
{"level":"info","message":"GET en /register + function toLocaleTimeString() { [native code] } "}
{"level":"info","message":"POST en /api/auth/register + function toLocaleTimeString() { [native code] } "}
{"level":"info","message":"POST en /register + function toLocaleTimeString() { [native code] } "}
{"level":"info","message":"GET en / + function toLocaleTimeString() { [native code] } "}
{"level":"info","message":"GET en /api/auth/login + function toLocaleTimeString() { [native code] } "}
{"level":"info","message":"GET en /login + function toLocaleTimeString() { [native code] } "}
{"level":"info","message":"POST en /api/auth/login + function toLocaleTimeString() { [native code] } "}
{"level":"info","message":"POST en /login + function toLocaleTimeString() { [native code] } "}
{"level":"info","message":"GET en /socket.io/socket.io.js + function toLocaleTimeString() { [native code] } "}
{"level":"info","message":"GET en /api/auth/index.js + function toLocaleTimeString() { [native code] } "}
{"level":"info","message":"GET en /api/profile + function toLocaleTimeString() { [native code] } "}
{"level":"info","message":"GET en / + function toLocaleTimeString() { [native code] } "}
{"level":"info","message":"GET en /img/1680113760284-Sin + function toLocaleTimeString() { [native code] } "}
{"level":"info","message":"GET en /socket.io/socket.io.js + function toLocaleTimeString() { [native code] } "}
{"level":"info","message":"GET en /api/index.js + function toLocaleTimeString() { [native code] } "}
{"level":"info","message":"GET en /socket.io/socket.io.js + function toLocaleTimeString() { [native code] } "}
{"level":"info","message":"GET en /api/index.js + function toLocaleTimeString() { [native code] } "}
{"level":"info","message":"GET en /img/1680113760284-Sin + function toLocaleTimeString() { [native code] } "}
{"level":"info","message":"GET en /favicon.ico + function toLocaleTimeString() { [native code] } "}
{"level":"info","message":"GET en /api/profile + function toLocaleTimeString() { [native code] } "}
{"level":"info","message":"GET en / + function toLocaleTimeString() { [native code] } "}
{"level":"info","message":"GET en /socket.io/socket.io.js + function toLocaleTimeString() { [native code] } "}
{"level":"info","message":"GET en /api/index.js + function toLocaleTimeString() { [native code] } "}
{"level":"info","message":"GET en /img/1680113760284-Sin + function toLocaleTimeString() { [native code] } "}
{"level":"info","message":"GET en /img/1680113760284-Sin + function toLocaleTimeString() { [native code] } "}
{"level":"info","message":"GET en /api/profile + function toLocaleTimeString() { [native code] } "}
{"level":"info","message":"GET en / + function toLocaleTimeString() { [native code] } "}
{"level":"info","message":"GET en /socket.io/socket.io.js + function toLocaleTimeString() { [native code] } "}
{"level":"info","message":"GET en /api/index.js + function toLocaleTimeString() { [native code] } "}
{"level":"info","message":"GET en /img/1680113760284-Sin + function toLocaleTimeString() { [native code] } "}
{"level":"info","message":"GET en /api/profile + function toLocaleTimeString() { [native code] } "}
{"level":"info","message":"GET en / + function toLocaleTimeString() { [native code] } "}
{"level":"info","message":"GET en /socket.io/socket.io.js + function toLocaleTimeString() { [native code] } "}
{"level":"info","message":"GET en /api/index.js + function toLocaleTimeString() { [native code] } "}
{"level":"info","message":"GET en /img/1680113760284-Sin + function toLocaleTimeString() { [native code] } "}
{"level":"info","message":"GET en /api/auth/logout + function toLocaleTimeString() { [native code] } "}
{"level":"info","message":"GET en /logout + function toLocaleTimeString() { [native code] } "}
{"level":"info","message":"GET en /socket.io/socket.io.js + function toLocaleTimeString() { [native code] } "}
{"level":"info","message":"GET en /api/auth/index.js + function toLocaleTimeString() { [native code] } "}
{"level":"info","message":"GET en /api/auth/logout + function toLocaleTimeString() { [native code] } "}
{"level":"info","message":"GET en /logout + function toLocaleTimeString() { [native code] } "}
{"level":"info","message":"GET en / + function toLocaleTimeString() { [native code] } "}
{"level":"info","message":"GET en /api/auth/login + function toLocaleTimeString() { [native code] } "}
{"level":"info","message":"GET en /login + function toLocaleTimeString() { [native code] } "}
{"level":"info","message":"POST en /api/auth/login + function toLocaleTimeString() { [native code] } "}
{"level":"info","message":"POST en /login + function toLocaleTimeString() { [native code] } "}
{"level":"info","message":"GET en /socket.io/socket.io.js + function toLocaleTimeString() { [native code] } "}
{"level":"info","message":"GET en /api/auth/index.js + function toLocaleTimeString() { [native code] } "}
{"level":"info","message":"GET en /api/profile + function toLocaleTimeString() { [native code] } "}
{"level":"info","message":"GET en / + function toLocaleTimeString() { [native code] } "}
{"level":"info","message":"GET en /img/1680113760284-Sin + function toLocaleTimeString() { [native code] } "}
{"level":"info","message":"GET en /socket.io/socket.io.js + function toLocaleTimeString() { [native code] } "}
{"level":"info","message":"GET en /api/index.js + function toLocaleTimeString() { [native code] } "}
{"level":"info","message":"GET en /api/profile + function toLocaleTimeString() { [native code] } "}
{"level":"info","message":"GET en / + function toLocaleTimeString() { [native code] } "}
{"level":"info","message":"GET en /socket.io/socket.io.js + function toLocaleTimeString() { [native code] } "}
{"level":"info","message":"GET en /api/index.js + function toLocaleTimeString() { [native code] } "}
{"level":"info","message":"GET en /img/1680113760284-Sin + function toLocaleTimeString() { [native code] } "}
{"level":"info","message":"GET en /api/profile + function toLocaleTimeString() { [native code] } "}
{"level":"info","message":"GET en / + function toLocaleTimeString() { [native code] } "}
{"level":"info","message":"GET en /socket.io/socket.io.js + function toLocaleTimeString() { [native code] } "}
{"level":"info","message":"GET en /img/1680113760284-Sin + function toLocaleTimeString() { [native code] } "}
{"level":"info","message":"GET en /api/index.js + function toLocaleTimeString() { [native code] } "}
{"level":"info","message":"GET en / + function toLocaleTimeString() { [native code] } "}
{"level":"info","message":"GET en /socket.io/socket.io.js + function toLocaleTimeString() { [native code] } "}
{"level":"info","message":"GET en /index.js + function toLocaleTimeString() { [native code] } "}
{"level":"info","message":"GET en / + function toLocaleTimeString() { [native code] } "}
{"level":"info","message":"GET en /socket.io/socket.io.js + function toLocaleTimeString() { [native code] } "}
{"level":"info","message":"GET en /index.js + function toLocaleTimeString() { [native code] } "}
{"level":"info","message":"GET en / + function toLocaleTimeString() { [native code] } "}
{"level":"info","message":"GET en /socket.io/socket.io.js + function toLocaleTimeString() { [native code] } "}
{"level":"info","message":"GET en /index.js + function toLocaleTimeString() { [native code] } "}
{"level":"info","message":"GET en /api/profile + function toLocaleTimeString() { [native code] } "}
{"level":"info","message":"GET en / + function toLocaleTimeString() { [native code] } "}
{"level":"info","message":"GET en /img/1680113760284-Sin + function toLocaleTimeString() { [native code] } "}
{"level":"info","message":"GET en /socket.io/socket.io.js + function toLocaleTimeString() { [native code] } "}
{"level":"info","message":"GET en /api/index.js + function toLocaleTimeString() { [native code] } "}
{"level":"info","message":"GET en /api/auth/logout + function toLocaleTimeString() { [native code] } "}
{"level":"info","message":"GET en /logout + function toLocaleTimeString() { [native code] } "}
{"level":"info","message":"GET en /socket.io/socket.io.js + function toLocaleTimeString() { [native code] } "}
{"level":"info","message":"GET en /api/auth/index.js + function toLocaleTimeString() { [native code] } "}
{"level":"info","message":"GET en / + function toLocaleTimeString() { [native code] } "}
{"level":"info","message":"GET en /api/auth/login + function toLocaleTimeString() { [native code] } "}
{"level":"info","message":"GET en /login + function toLocaleTimeString() { [native code] } "}
{"level":"info","message":"GET en /api/auth/login + function toLocaleTimeString() { [native code] } "}
{"level":"info","message":"GET en /login + function toLocaleTimeString() { [native code] } "}
{"level":"info","message":"POST en /api/auth/login + function toLocaleTimeString() { [native code] } "}
{"level":"info","message":"POST en /login + function toLocaleTimeString() { [native code] } "}
{"level":"info","message":"GET en /socket.io/socket.io.js + function toLocaleTimeString() { [native code] } "}
{"level":"info","message":"GET en /api/auth/index.js + function toLocaleTimeString() { [native code] } "}
{"level":"info","message":"GET en /api/profile + function toLocaleTimeString() { [native code] } "}
{"level":"info","message":"GET en / + function toLocaleTimeString() { [native code] } "}
{"level":"info","message":"GET en /img/1680113760284-Sin + function toLocaleTimeString() { [native code] } "}
{"level":"info","message":"GET en /socket.io/socket.io.js + function toLocaleTimeString() { [native code] } "}
{"level":"info","message":"GET en /api/index.js + function toLocaleTimeString() { [native code] } "}
{"level":"info","message":"GET en /api/auth/logout + function toLocaleTimeString() { [native code] } "}
{"level":"info","message":"GET en /logout + function toLocaleTimeString() { [native code] } "}
{"level":"info","message":"GET en / + function toLocaleTimeString() { [native code] } "}
{"level":"info","message":"GET en /api/auth/login + function toLocaleTimeString() { [native code] } "}
{"level":"info","message":"GET en /login + function toLocaleTimeString() { [native code] } "}
{"level":"info","message":"GET en /api/profile + function toLocaleTimeString() { [native code] } "}
{"level":"info","message":"GET en / + function toLocaleTimeString() { [native code] } "}
{"level":"info","message":"GET en /api/auth/login + function toLocaleTimeString() { [native code] } "}
{"level":"info","message":"GET en /login + function toLocaleTimeString() { [native code] } "}
{"level":"info","message":"POST en /api/auth/login + function toLocaleTimeString() { [native code] } "}
{"level":"info","message":"POST en /login + function toLocaleTimeString() { [native code] } "}
{"level":"info","message":"GET en /socket.io/socket.io.js + function toLocaleTimeString() { [native code] } "}
{"level":"info","message":"GET en /api/auth/index.js + function toLocaleTimeString() { [native code] } "}
{"level":"info","message":"GET en /api/profile + function toLocaleTimeString() { [native code] } "}
{"level":"info","message":"GET en / + function toLocaleTimeString() { [native code] } "}
{"level":"info","message":"GET en /img/1680113760284-foto.jpg + function toLocaleTimeString() { [native code] } "}
{"level":"info","message":"GET en /socket.io/socket.io.js + function toLocaleTimeString() { [native code] } "}
{"level":"info","message":"GET en /api/index.js + function toLocaleTimeString() { [native code] } "}
{"level":"info","message":"GET en / + function toLocaleTimeString() { [native code] } "}
{"level":"info","message":"GET en /socket.io/socket.io.js + function toLocaleTimeString() { [native code] } "}
{"level":"info","message":"GET en /index.js + function toLocaleTimeString() { [native code] } "}
{"level":"info","message":"GET en / + function toLocaleTimeString() { [native code] } "}
{"level":"info","message":"GET en /socket.io/socket.io.js + function toLocaleTimeString() { [native code] } "}
{"level":"info","message":"GET en /index.js + function toLocaleTimeString() { [native code] } "}
{"level":"info","message":"GET en / + function toLocaleTimeString() { [native code] } "}
{"level":"info","message":"GET en /socket.io/socket.io.js + function toLocaleTimeString() { [native code] } "}
{"level":"info","message":"GET en /index.js + function toLocaleTimeString() { [native code] } "}
{"level":"info","message":"GET en / + function toLocaleTimeString() { [native code] } "}
{"level":"info","message":"GET en /socket.io/socket.io.js + function toLocaleTimeString() { [native code] } "}
{"level":"info","message":"GET en /index.js + function toLocaleTimeString() { [native code] } "}
{"level":"info","message":"GET en /api/auth/logout + function toLocaleTimeString() { [native code] } "}
{"level":"info","message":"GET en /logout + function toLocaleTimeString() { [native code] } "}
{"level":"info","message":"GET en / + function toLocaleTimeString() { [native code] } "}
{"level":"info","message":"GET en /api/auth/login + function toLocaleTimeString() { [native code] } "}
{"level":"info","message":"GET en /login + function toLocaleTimeString() { [native code] } "}
{"level":"info","message":"POST en /api/auth/login + function toLocaleTimeString() { [native code] } "}
{"level":"info","message":"POST en /login + function toLocaleTimeString() { [native code] } "}
{"level":"info","message":"GET en /socket.io/socket.io.js + function toLocaleTimeString() { [native code] } "}
{"level":"info","message":"GET en /api/auth/index.js + function toLocaleTimeString() { [native code] } "}
{"level":"info","message":"GET en /api/profile + function toLocaleTimeString() { [native code] } "}
{"level":"info","message":"GET en / + function toLocaleTimeString() { [native code] } "}
{"level":"info","message":"GET en /img/1680113760284-foto.jpg + function toLocaleTimeString() { [native code] } "}
{"level":"info","message":"GET en /socket.io/socket.io.js + function toLocaleTimeString() { [native code] } "}
{"level":"info","message":"GET en /api/index.js + function toLocaleTimeString() { [native code] } "}
{"level":"info","message":"GET en /api/auth/logout + function toLocaleTimeString() { [native code] } "}
{"level":"info","message":"GET en /logout + function toLocaleTimeString() { [native code] } "}
{"level":"info","message":"GET en / + function toLocaleTimeString() { [native code] } "}
{"level":"info","message":"GET en /api/auth/login + function toLocaleTimeString() { [native code] } "}
{"level":"info","message":"GET en /login + function toLocaleTimeString() { [native code] } "}
{"level":"info","message":"POST en /api/auth/login + function toLocaleTimeString() { [native code] } "}
{"level":"info","message":"POST en /login + function toLocaleTimeString() { [native code] } "}
{"level":"info","message":"GET en /socket.io/socket.io.js + function toLocaleTimeString() { [native code] } "}
{"level":"info","message":"GET en /api/auth/index.js + function toLocaleTimeString() { [native code] } "}
{"level":"info","message":"GET en /api/profile + function toLocaleTimeString() { [native code] } "}
{"level":"info","message":"GET en / + function toLocaleTimeString() { [native code] } "}
{"level":"info","message":"GET en /img/1680113760284-foto.jpg + function toLocaleTimeString() { [native code] } "}
{"level":"info","message":"GET en /socket.io/socket.io.js + function toLocaleTimeString() { [native code] } "}
{"level":"info","message":"GET en /api/index.js + function toLocaleTimeString() { [native code] } "}
{"level":"info","message":"GET en /api/profile + function toLocaleTimeString() { [native code] } "}
{"level":"info","message":"GET en / + function toLocaleTimeString() { [native code] } "}
{"level":"info","message":"GET en /img/1680113760284-foto.jpg + function toLocaleTimeString() { [native code] } "}
{"level":"info","message":"GET en /socket.io/socket.io.js + function toLocaleTimeString() { [native code] } "}
{"level":"info","message":"GET en /api/index.js + function toLocaleTimeString() { [native code] } "}
{"level":"info","message":"GET en /api/profile + function toLocaleTimeString() { [native code] } "}
{"level":"info","message":"GET en / + function toLocaleTimeString() { [native code] } "}
{"level":"info","message":"GET en /socket.io/socket.io.js + function toLocaleTimeString() { [native code] } "}
{"level":"info","message":"GET en /api/index.js + function toLocaleTimeString() { [native code] } "}
{"level":"info","message":"GET en /img/1680113760284-foto.jpg + function toLocaleTimeString() { [native code] } "}
{"level":"info","message":"GET en /api/profile + function toLocaleTimeString() { [native code] } "}
{"level":"info","message":"GET en / + function toLocaleTimeString() { [native code] } "}
{"level":"info","message":"GET en /api/auth/login + function toLocaleTimeString() { [native code] } "}
{"level":"info","message":"GET en /login + function toLocaleTimeString() { [native code] } "}
{"level":"info","message":"POST en /api/auth/login + function toLocaleTimeString() { [native code] } "}
{"level":"info","message":"GET en /api/auth/loginFail + function toLocaleTimeString() { [native code] } "}
{"level":"info","message":"GET en /loginFail + function toLocaleTimeString() { [native code] } "}
{"level":"info","message":"GET en /api/auth/login + function toLocaleTimeString() { [native code] } "}
{"level":"info","message":"GET en /login + function toLocaleTimeString() { [native code] } "}
{"level":"info","message":"GET en /api/auth/register + function toLocaleTimeString() { [native code] } "}
{"level":"info","message":"GET en /register + function toLocaleTimeString() { [native code] } "}
{"level":"info","message":"POST en /api/auth/register + function toLocaleTimeString() { [native code] } "}
{"level":"info","message":"POST en /register + function toLocaleTimeString() { [native code] } "}
{"level":"info","message":"POST en /api/auth/login + function toLocaleTimeString() { [native code] } "}
{"level":"info","message":"POST en /login + function toLocaleTimeString() { [native code] } "}
{"level":"info","message":"GET en / + function toLocaleTimeString() { [native code] } "}
{"level":"info","message":"GET en /socket.io/socket.io.js + function toLocaleTimeString() { [native code] } "}
{"level":"info","message":"GET en /index.js + function toLocaleTimeString() { [native code] } "}
{"level":"info","message":"GET en /api/profile + function toLocaleTimeString() { [native code] } "}
{"level":"info","message":"GET en / + function toLocaleTimeString() { [native code] } "}
{"level":"info","message":"GET en /img/1680120201990-avataralex.jpg + function toLocaleTimeString() { [native code] } "}
{"level":"info","message":"GET en /socket.io/socket.io.js + function toLocaleTimeString() { [native code] } "}
{"level":"info","message":"GET en /api/index.js + function toLocaleTimeString() { [native code] } "}
{"level":"info","message":"GET en /api/profile + function toLocaleTimeString() { [native code] } "}
{"level":"info","message":"GET en / + function toLocaleTimeString() { [native code] } "}
{"level":"info","message":"GET en /api/profile + function toLocaleTimeString() { [native code] } "}
{"level":"info","message":"GET en / + function toLocaleTimeString() { [native code] } "}
{"level":"info","message":"GET en /socket.io/socket.io.js + function toLocaleTimeString() { [native code] } "}
{"level":"info","message":"GET en /api/index.js + function toLocaleTimeString() { [native code] } "}
{"level":"info","message":"GET en /img/1680120201990-avataralex.jpg + function toLocaleTimeString() { [native code] } "}
{"level":"info","message":"GET en / + function toLocaleTimeString() { [native code] } "}
{"level":"info","message":"GET en /socket.io/socket.io.js + function toLocaleTimeString() { [native code] } "}
{"level":"info","message":"GET en /index.js + function toLocaleTimeString() { [native code] } "}
{"level":"info","message":"GET en /api/cart + function toLocaleTimeString() { [native code] } "}
{"level":"info","message":"GET en / + function toLocaleTimeString() { [native code] } "}
{"level":"info","message":"GET en /socket.io/socket.io.js + function toLocaleTimeString() { [native code] } "}
{"level":"info","message":"GET en /index.js + function toLocaleTimeString() { [native code] } "}
{"level":"info","message":"GET en / + function toLocaleTimeString() { [native code] } "}
{"level":"info","message":"GET en /socket.io/socket.io.js + function toLocaleTimeString() { [native code] } "}
{"level":"info","message":"GET en /index.js + function toLocaleTimeString() { [native code] } "}
{"level":"info","message":"GET en / + function toLocaleTimeString() { [native code] } "}
{"level":"info","message":"GET en /socket.io/socket.io.js + function toLocaleTimeString() { [native code] } "}
{"level":"info","message":"GET en /index.js + function toLocaleTimeString() { [native code] } "}
{"level":"info","message":"GET en /api/productos + function toLocaleTimeString() { [native code] } "}
{"level":"info","message":"GET en /api/productos + function toLocaleTimeString() { [native code] } "}
{"level":"info","message":"GET en /api/productos + function toLocaleTimeString() { [native code] } "}
{"level":"info","message":"GET en /api/productos + function toLocaleTimeString() { [native code] } "}
{"level":"info","message":"GET en /api/carritos + function toLocaleTimeString() { [native code] } "}
{"level":"info","message":"GET en /api/cart + function toLocaleTimeString() { [native code] } "}
{"level":"info","message":"GET en /api/productos + function toLocaleTimeString() { [native code] } "}
{"level":"info","message":"GET en /api/profile + function toLocaleTimeString() { [native code] } "}
{"level":"info","message":"GET en / + function toLocaleTimeString() { [native code] } "}
{"level":"info","message":"GET en /api/auth/login + function toLocaleTimeString() { [native code] } "}
{"level":"info","message":"GET en /login + function toLocaleTimeString() { [native code] } "}
{"level":"info","message":"POST en /api/auth/login + function toLocaleTimeString() { [native code] } "}
{"level":"info","message":"POST en /login + function toLocaleTimeString() { [native code] } "}
{"level":"info","message":"GET en / + function toLocaleTimeString() { [native code] } "}
{"level":"info","message":"GET en /socket.io/socket.io.js + function toLocaleTimeString() { [native code] } "}
{"level":"info","message":"GET en /index.js + function toLocaleTimeString() { [native code] } "}
{"level":"info","message":"GET en /api/productos + function toLocaleTimeString() { [native code] } "}
{"level":"info","message":"GET en /api/carritos + function toLocaleTimeString() { [native code] } "}
{"level":"info","message":"GET en /api/profile + function toLocaleTimeString() { [native code] } "}
{"level":"info","message":"GET en / + function toLocaleTimeString() { [native code] } "}
{"level":"info","message":"GET en /img/1680120201990-avataralex.jpg + function toLocaleTimeString() { [native code] } "}
{"level":"info","message":"GET en /socket.io/socket.io.js + function toLocaleTimeString() { [native code] } "}
{"level":"info","message":"GET en /api/index.js + function toLocaleTimeString() { [native code] } "}
{"level":"info","message":"GET en / + function toLocaleTimeString() { [native code] } "}
{"level":"info","message":"GET en /socket.io/socket.io.js + function toLocaleTimeString() { [native code] } "}
{"level":"info","message":"GET en /index.js + function toLocaleTimeString() { [native code] } "}
{"level":"info","message":"GET en / + function toLocaleTimeString() { [native code] } "}
{"level":"info","message":"GET en /socket.io/socket.io.js + function toLocaleTimeString() { [native code] } "}
{"level":"info","message":"GET en /index.js + function toLocaleTimeString() { [native code] } "}
{"level":"info","message":"GET en /api/carritos/productos/64247674603efa3aee110b56 + function toLocaleTimeString() { [native code] } "}
{"level":"info","message":"GET en /api/carritos/productos/64247674603efa3aee110b56 + function toLocaleTimeString() { [native code] } "}
{"level":"info","message":"GET en /api/carritos/productos/64247674603efa3aee110b56 + function toLocaleTimeString() { [native code] } "}
{"level":"info","message":"GET en / + function toLocaleTimeString() { [native code] } "}
{"level":"info","message":"GET en /api/auth/login + function toLocaleTimeString() { [native code] } "}
{"level":"info","message":"GET en /login + function toLocaleTimeString() { [native code] } "}
{"level":"info","message":"POST en /api/auth/login + function toLocaleTimeString() { [native code] } "}
{"level":"info","message":"POST en /login + function toLocaleTimeString() { [native code] } "}
{"level":"info","message":"GET en / + function toLocaleTimeString() { [native code] } "}
{"level":"info","message":"GET en /socket.io/socket.io.js + function toLocaleTimeString() { [native code] } "}
{"level":"info","message":"GET en /index.js + function toLocaleTimeString() { [native code] } "}
{"level":"info","message":"GET en /api/carritos/productos/64247674603efa3aee110b56 + function toLocaleTimeString() { [native code] } "}
{"level":"info","message":"GET en /api/carritos/productos/64247674603efa3aee110b56 + function toLocaleTimeString() { [native code] } "}
{"level":"info","message":"GET en /api/carritos/productos/64247674603efa3aee110b56 + function toLocaleTimeString() { [native code] } "}
{"level":"info","message":"GET en /api/carritos/productos/64247674603efa3aee110b56 + function toLocaleTimeString() { [native code] } "}
{"level":"info","message":"GET en /api/carritos/productos/64247674603efa3aee110b56 + function toLocaleTimeString() { [native code] } "}
{"level":"info","message":"GET en /api/carritos/productos/64247674603efa3aee110b56 + function toLocaleTimeString() { [native code] } "}
{"level":"info","message":"GET en /api/carritos/productos/64247674603efa3aee110b56 + function toLocaleTimeString() { [native code] } "}
{"level":"info","message":"GET en /api/carritos/productos/64247674603efa3aee110b56 + function toLocaleTimeString() { [native code] } "}
{"level":"info","message":"GET en /api/carritos/productos/64247674603efa3aee110b56 + function toLocaleTimeString() { [native code] } "}
{"level":"info","message":"GET en /api/carritos/productos/64247674603efa3aee110b56 + function toLocaleTimeString() { [native code] } "}
{"level":"info","message":"GET en /api/carritos/productos/64247674603efa3aee110b56 + function toLocaleTimeString() { [native code] } "}
{"level":"info","message":"GET en /api/carritos/productos/64247674603efa3aee110b56 + function toLocaleTimeString() { [native code] } "}
{"level":"info","message":"GET en /api/carritos/productos/64247674603efa3aee110b56 + function toLocaleTimeString() { [native code] } "}
{"level":"info","message":"POST en /api/carritos/producto/63c4379fcf23ee959d49b3d8/delete + function toLocaleTimeString() { [native code] } "}
{"level":"info","message":"POST en /api/carritos/producto/63c4379fcf23ee959d49b3d8/delete + function toLocaleTimeString() { [native code] } "}
{"level":"info","message":"POST en /api/carritos/producto/63c4379fcf23ee959d49b3d8/delete + function toLocaleTimeString() { [native code] } "}
{"level":"info","message":"POST en /api/carritos/producto/63c4379fcf23ee959d49b3d8/delete + function toLocaleTimeString() { [native code] } "}
{"level":"info","message":"POST en /api/carritos/producto/63c4379fcf23ee959d49b3d8/delete + function toLocaleTimeString() { [native code] } "}
{"level":"info","message":"GET en / + function toLocaleTimeString() { [native code] } "}
{"level":"info","message":"GET en /api/auth/login + function toLocaleTimeString() { [native code] } "}
{"level":"info","message":"GET en /login + function toLocaleTimeString() { [native code] } "}
{"level":"info","message":"POST en /api/auth/login + function toLocaleTimeString() { [native code] } "}
{"level":"info","message":"POST en /login + function toLocaleTimeString() { [native code] } "}
{"level":"info","message":"GET en / + function toLocaleTimeString() { [native code] } "}
{"level":"info","message":"GET en /socket.io/socket.io.js + function toLocaleTimeString() { [native code] } "}
{"level":"info","message":"GET en /index.js + function toLocaleTimeString() { [native code] } "}
{"level":"info","message":"GET en /api/productos + function toLocaleTimeString() { [native code] } "}
{"level":"info","message":"GET en /api/carritos + function toLocaleTimeString() { [native code] } "}
{"level":"info","message":"GET en /api/carritos/productos/64247674603efa3aee110b56 + function toLocaleTimeString() { [native code] } "}
{"level":"info","message":"GET en /api/carritos/productos/64247674603efa3aee110b56 + function toLocaleTimeString() { [native code] } "}
{"level":"info","message":"GET en /api/carritos/productos/64247674603efa3aee110b56 + function toLocaleTimeString() { [native code] } "}
{"level":"info","message":"GET en /favicon.ico + function toLocaleTimeString() { [native code] } "}
{"level":"info","message":"GET en /api/carritos/productos/64247674603efa3aee110b56 + function toLocaleTimeString() { [native code] } "}
{"level":"info","message":"GET en /favicon.ico + function toLocaleTimeString() { [native code] } "}
{"level":"info","message":"POST en /api/carritos/64247674603efa3aee110b56/producto/63c4379fcf23ee959d49b3d8/delete + function toLocaleTimeString() { [native code] } "}
{"level":"info","message":"POST en /api/carritos/64247674603efa3aee110b56/producto/63c4379fcf23ee959d49b3d8/delete + function toLocaleTimeString() { [native code] } "}
{"level":"info","message":"GET en /api/carritos/productos/64247674603efa3aee110b56 + function toLocaleTimeString() { [native code] } "}
{"level":"info","message":"GET en /favicon.ico + function toLocaleTimeString() { [native code] } "}
{"level":"info","message":"POST en /api/carritos/64247674603efa3aee110b56/producto/63c4379fcf23ee959d49b3d8/delete + function toLocaleTimeString() { [native code] } "}
{"level":"info","message":"GET en /api/carritos/productos/64247674603efa3aee110b56 + function toLocaleTimeString() { [native code] } "}
{"level":"info","message":"GET en /favicon.ico + function toLocaleTimeString() { [native code] } "}
{"level":"info","message":"GET en /api/carritos/productos/64247674603efa3aee110b56 + function toLocaleTimeString() { [native code] } "}
{"level":"info","message":"POST en /api/carritos/64247674603efa3aee110b56/producto/63c4379fcf23ee959d49b3d8/delete + function toLocaleTimeString() { [native code] } "}
{"level":"info","message":"GET en /favicon.ico + function toLocaleTimeString() { [native code] } "}
{"level":"info","message":"GET en /api/carritos/productos/64247674603efa3aee110b56 + function toLocaleTimeString() { [native code] } "}
{"level":"info","message":"GET en /favicon.ico + function toLocaleTimeString() { [native code] } "}
{"level":"info","message":"POST en /api/carritos/64247674603efa3aee110b56/producto/63c4379fcf23ee959d49b3d8/delete + function toLocaleTimeString() { [native code] } "}
{"level":"info","message":"GET en /api/carritos/productos/64247674603efa3aee110b56 + function toLocaleTimeString() { [native code] } "}
{"level":"info","message":"GET en /favicon.ico + function toLocaleTimeString() { [native code] } "}
{"level":"info","message":"POST en /api/carritos/64247674603efa3aee110b56/producto/63c4379fcf23ee959d49b3d8/delete + function toLocaleTimeString() { [native code] } "}
{"level":"info","message":"GET en /api/carritos/productos/64247674603efa3aee110b56 + function toLocaleTimeString() { [native code] } "}
{"level":"info","message":"POST en /api/carritos/64247674603efa3aee110b56/producto/63c4379fcf23ee959d49b3d8/delete + function toLocaleTimeString() { [native code] } "}
{"level":"info","message":"GET en /favicon.ico + function toLocaleTimeString() { [native code] } "}
{"level":"info","message":"GET en /api/carritos/productos/64247674603efa3aee110b56 + function toLocaleTimeString() { [native code] } "}
{"level":"info","message":"GET en /api/carritos/productos/64247674603efa3aee110b56 + function toLocaleTimeString() { [native code] } "}
{"level":"info","message":"GET en / + function toLocaleTimeString() { [native code] } "}
{"level":"info","message":"GET en /api/auth/login + function toLocaleTimeString() { [native code] } "}
{"level":"info","message":"GET en /login + function toLocaleTimeString() { [native code] } "}
{"level":"info","message":"POST en /api/auth/login + function toLocaleTimeString() { [native code] } "}
{"level":"info","message":"POST en /login + function toLocaleTimeString() { [native code] } "}
{"level":"info","message":"GET en / + function toLocaleTimeString() { [native code] } "}
{"level":"info","message":"GET en /socket.io/socket.io.js + function toLocaleTimeString() { [native code] } "}
{"level":"info","message":"GET en /index.js + function toLocaleTimeString() { [native code] } "}
{"level":"info","message":"GET en /api/order/6425083029483046b2670098 + function toLocaleTimeString() { [native code] } "}
{"level":"info","message":"GET en /api/order/6425083029483046b2670098 + function toLocaleTimeString() { [native code] } "}
{"level":"info","message":"GET en /api/order/6425083029483046b2670098 + function toLocaleTimeString() { [native code] } "}
{"level":"info","message":"GET en /api/order/6425083029483046b2670098 + function toLocaleTimeString() { [native code] } "}
{"level":"info","message":"GET en /api/order/6425083029483046b2670098 + function toLocaleTimeString() { [native code] } "}
{"level":"info","message":"GET en /api/order/6425083029483046b2670098 + function toLocaleTimeString() { [native code] } "}
{"level":"info","message":"GET en /api/order/6425083029483046b2670098 + function toLocaleTimeString() { [native code] } "}
{"level":"info","message":"GET en /api/order/6425083029483046b2670098 + function toLocaleTimeString() { [native code] } "}
{"level":"info","message":"GET en /api/order/6425083029483046b2670098 + function toLocaleTimeString() { [native code] } "}
{"level":"info","message":"GET en /api/order/6425083029483046b2670098 + function toLocaleTimeString() { [native code] } "}
{"level":"info","message":"GET en /api/order/6425083029483046b2670098 + function toLocaleTimeString() { [native code] } "}
{"level":"info","message":"GET en /api/order/6425083029483046b2670098 + function toLocaleTimeString() { [native code] } "}
{"level":"info","message":"GET en /api/order/6425083029483046b2670098 + function toLocaleTimeString() { [native code] } "}
{"level":"info","message":"GET en /api/carritos/productos/64247674603efa3aee110b56 + function toLocaleTimeString() { [native code] } "}
{"level":"info","message":"GET en /api/order/6425083029483046b2670098 + function toLocaleTimeString() { [native code] } "}
{"level":"info","message":"GET en /api/carritos/productos/64247674603efa3aee110b56 + function toLocaleTimeString() { [native code] } "}
{"level":"info","message":"GET en /api/carritos/productos/64247674603efa3aee110b56 + function toLocaleTimeString() { [native code] } "}
{"level":"info","message":"GET en /api/carritos/productos/64247674603efa3aee110b56 + function toLocaleTimeString() { [native code] } "}
{"level":"info","message":"GET en /api/carritos/productos/64247674603efa3aee110b56 + function toLocaleTimeString() { [native code] } "}
{"level":"info","message":"GET en /favicon.ico + function toLocaleTimeString() { [native code] } "}
{"level":"info","message":"GET en /api/order + function toLocaleTimeString() { [native code] } "}
{"level":"info","message":"GET en /api/carritos/productos/64247674603efa3aee110b56 + function toLocaleTimeString() { [native code] } "}
{"level":"info","message":"GET en / + function toLocaleTimeString() { [native code] } "}
{"level":"info","message":"GET en /api/auth/login + function toLocaleTimeString() { [native code] } "}
{"level":"info","message":"GET en /login + function toLocaleTimeString() { [native code] } "}
{"level":"info","message":"GET en /favicon.ico + function toLocaleTimeString() { [native code] } "}
{"level":"info","message":"POST en /api/auth/login + function toLocaleTimeString() { [native code] } "}
{"level":"info","message":"POST en /login + function toLocaleTimeString() { [native code] } "}
{"level":"info","message":"GET en / + function toLocaleTimeString() { [native code] } "}
{"level":"info","message":"GET en /socket.io/socket.io.js + function toLocaleTimeString() { [native code] } "}
{"level":"info","message":"GET en /index.js + function toLocaleTimeString() { [native code] } "}
{"level":"info","message":"GET en /api/carritos/productos/64247674603efa3aee110b56 + function toLocaleTimeString() { [native code] } "}
{"level":"info","message":"GET en /api/profile + function toLocaleTimeString() { [native code] } "}
{"level":"info","message":"GET en / + function toLocaleTimeString() { [native code] } "}
{"level":"info","message":"GET en /img/1680120201990-avataralex.jpg + function toLocaleTimeString() { [native code] } "}
{"level":"info","message":"GET en /socket.io/socket.io.js + function toLocaleTimeString() { [native code] } "}
{"level":"info","message":"GET en /api/index.js + function toLocaleTimeString() { [native code] } "}
{"level":"info","message":"GET en / + function toLocaleTimeString() { [native code] } "}
{"level":"info","message":"GET en /socket.io/socket.io.js + function toLocaleTimeString() { [native code] } "}
{"level":"info","message":"GET en /index.js + function toLocaleTimeString() { [native code] } "}
{"level":"info","message":"GET en /api/productos + function toLocaleTimeString() { [native code] } "}
{"level":"info","message":"GET en /api/carritos + function toLocaleTimeString() { [native code] } "}
{"level":"info","message":"GET en /api/carritos/productos/64247674603efa3aee110b56 + function toLocaleTimeString() { [native code] } "}
{"level":"info","message":"POST en /api/order + function toLocaleTimeString() { [native code] } "}
{"level":"info","message":"GET en /api/carritos/productos/64247674603efa3aee110b56 + function toLocaleTimeString() { [native code] } "}
{"level":"info","message":"GET en /api/profile + function toLocaleTimeString() { [native code] } "}
{"level":"info","message":"GET en / + function toLocaleTimeString() { [native code] } "}
{"level":"info","message":"GET en /socket.io/socket.io.js + function toLocaleTimeString() { [native code] } "}
{"level":"info","message":"GET en /api/index.js + function toLocaleTimeString() { [native code] } "}
{"level":"info","message":"GET en /img/1680120201990-avataralex.jpg + function toLocaleTimeString() { [native code] } "}
{"level":"info","message":"GET en / + function toLocaleTimeString() { [native code] } "}
{"level":"info","message":"GET en /socket.io/socket.io.js + function toLocaleTimeString() { [native code] } "}
{"level":"info","message":"GET en /index.js + function toLocaleTimeString() { [native code] } "}
{"level":"info","message":"GET en /api/carritos/productos/64247674603efa3aee110b56 + function toLocaleTimeString() { [native code] } "}
{"level":"info","message":"GET en /favicon.ico + function toLocaleTimeString() { [native code] } "}
{"level":"info","message":"POST en /api/order + function toLocaleTimeString() { [native code] } "}
{"level":"info","message":"POST en /api/order + function toLocaleTimeString() { [native code] } "}
{"level":"info","message":"POST en /api/order + function toLocaleTimeString() { [native code] } "}
{"level":"info","message":"GET en / + function toLocaleTimeString() { [native code] } "}
{"level":"info","message":"GET en /socket.io/socket.io.js + function toLocaleTimeString() { [native code] } "}
{"level":"info","message":"GET en /index.js + function toLocaleTimeString() { [native code] } "}
{"level":"info","message":"GET en / + function toLocaleTimeString() { [native code] } "}
{"level":"info","message":"GET en /socket.io/socket.io.js + function toLocaleTimeString() { [native code] } "}
{"level":"info","message":"GET en /index.js + function toLocaleTimeString() { [native code] } "}
{"level":"info","message":"GET en / + function toLocaleTimeString() { [native code] } "}
{"level":"info","message":"GET en /socket.io/socket.io.js + function toLocaleTimeString() { [native code] } "}
{"level":"info","message":"GET en /index.js + function toLocaleTimeString() { [native code] } "}
{"level":"info","message":"GET en /api/profile + function toLocaleTimeString() { [native code] } "}
{"level":"info","message":"GET en / + function toLocaleTimeString() { [native code] } "}
{"level":"info","message":"GET en /api/auth/login + function toLocaleTimeString() { [native code] } "}
{"level":"info","message":"GET en /login + function toLocaleTimeString() { [native code] } "}
{"level":"info","message":"POST en /api/auth/login + function toLocaleTimeString() { [native code] } "}
{"level":"info","message":"POST en /login + function toLocaleTimeString() { [native code] } "}
{"level":"info","message":"GET en / + function toLocaleTimeString() { [native code] } "}
{"level":"info","message":"GET en /socket.io/socket.io.js + function toLocaleTimeString() { [native code] } "}
{"level":"info","message":"GET en /index.js + function toLocaleTimeString() { [native code] } "}
{"level":"info","message":"GET en /api/carritos/productos/64247674603efa3aee110b56 + function toLocaleTimeString() { [native code] } "}
{"level":"info","message":"POST en /api/order + function toLocaleTimeString() { [native code] } "}
{"level":"info","message":"GET en /api/carritos/productos/64247674603efa3aee110b56 + function toLocaleTimeString() { [native code] } "}
{"level":"info","message":"POST en /api/order + function toLocaleTimeString() { [native code] } "}
{"level":"info","message":"POST en /api/order + function toLocaleTimeString() { [native code] } "}
{"level":"info","message":"GET en /api/carritos/productos/64247674603efa3aee110b56 + function toLocaleTimeString() { [native code] } "}
{"level":"info","message":"GET en /favicon.ico + function toLocaleTimeString() { [native code] } "}
{"level":"info","message":"GET en /api/carritos/productos/64247674603efa3aee110b56 + function toLocaleTimeString() { [native code] } "}
{"level":"info","message":"GET en /favicon.ico + function toLocaleTimeString() { [native code] } "}
{"level":"info","message":"GET en /api/carritos/productos/64247674603efa3aee110b56 + function toLocaleTimeString() { [native code] } "}
{"level":"info","message":"GET en /favicon.ico + function toLocaleTimeString() { [native code] } "}
{"level":"info","message":"GET en /api/carritos/productos/64247674603efa3aee110b56 + function toLocaleTimeString() { [native code] } "}
{"level":"info","message":"GET en /api/carritos/productos/64247674603efa3aee110b56 + function toLocaleTimeString() { [native code] } "}
{"level":"info","message":"GET en /favicon.ico + function toLocaleTimeString() { [native code] } "}
{"level":"info","message":"GET en /api/carritos/productos/64247674603efa3aee110b56 + function toLocaleTimeString() { [native code] } "}
{"level":"info","message":"GET en /favicon.ico + function toLocaleTimeString() { [native code] } "}
{"level":"info","message":"POST en /api/order/64247674603efa3aee110b56 + function toLocaleTimeString() { [native code] } "}
{"level":"info","message":"GET en /api/auth/login + function toLocaleTimeString() { [native code] } "}
{"level":"info","message":"GET en /login + function toLocaleTimeString() { [native code] } "}
{"level":"info","message":"POST en /api/auth/login + function toLocaleTimeString() { [native code] } "}
{"level":"info","message":"POST en /login + function toLocaleTimeString() { [native code] } "}
{"level":"info","message":"GET en / + function toLocaleTimeString() { [native code] } "}
{"level":"info","message":"GET en /socket.io/socket.io.js + function toLocaleTimeString() { [native code] } "}
{"level":"info","message":"GET en /index.js + function toLocaleTimeString() { [native code] } "}
{"level":"info","message":"GET en /api/auth/login + function toLocaleTimeString() { [native code] } "}
{"level":"info","message":"GET en /login + function toLocaleTimeString() { [native code] } "}
{"level":"info","message":"GET en /api/carritos/productos/64247674603efa3aee110b56 + function toLocaleTimeString() { [native code] } "}
{"level":"info","message":"GET en /favicon.ico + function toLocaleTimeString() { [native code] } "}
{"level":"info","message":"POST en /api/order/64247674603efa3aee110b56 + function toLocaleTimeString() { [native code] } "}
{"level":"info","message":"GET en /api/carritos/productos/64247674603efa3aee110b56 + function toLocaleTimeString() { [native code] } "}
{"level":"info","message":"GET en /favicon.ico + function toLocaleTimeString() { [native code] } "}
{"level":"info","message":"POST en /api/order/64247674603efa3aee110b56 + function toLocaleTimeString() { [native code] } "}
{"level":"info","message":"GET en /api/order/undefined + function toLocaleTimeString() { [native code] } "}
{"level":"info","message":"GET en /api/carritos/productos/64247674603efa3aee110b56 + function toLocaleTimeString() { [native code] } "}
{"level":"info","message":"GET en /favicon.ico + function toLocaleTimeString() { [native code] } "}
{"level":"info","message":"POST en /api/order/64247674603efa3aee110b56 + function toLocaleTimeString() { [native code] } "}
{"level":"info","message":"POST en /api/order/64247674603efa3aee110b56 + function toLocaleTimeString() { [native code] } "}
{"level":"info","message":"POST en /api/order/64247674603efa3aee110b56 + function toLocaleTimeString() { [native code] } "}
{"level":"info","message":"POST en /api/order/64247674603efa3aee110b56 + function toLocaleTimeString() { [native code] } "}
{"level":"info","message":"POST en /api/order/64247674603efa3aee110b56 + function toLocaleTimeString() { [native code] } "}
{"level":"info","message":"GET en /api/auth/login + function toLocaleTimeString() { [native code] } "}
{"level":"info","message":"GET en /login + function toLocaleTimeString() { [native code] } "}
{"level":"info","message":"POST en /api/auth/login + function toLocaleTimeString() { [native code] } "}
{"level":"info","message":"POST en /login + function toLocaleTimeString() { [native code] } "}
{"level":"info","message":"GET en / + function toLocaleTimeString() { [native code] } "}
{"level":"info","message":"GET en /socket.io/socket.io.js + function toLocaleTimeString() { [native code] } "}
{"level":"info","message":"GET en /index.js + function toLocaleTimeString() { [native code] } "}
{"level":"info","message":"GET en /api/auth/login + function toLocaleTimeString() { [native code] } "}
{"level":"info","message":"GET en /login + function toLocaleTimeString() { [native code] } "}
{"level":"info","message":"POST en /api/order/64247674603efa3aee110b56 + function toLocaleTimeString() { [native code] } "}
{"level":"info","message":"POST en /api/order/64247674603efa3aee110b56 + function toLocaleTimeString() { [native code] } "}
{"level":"info","message":"GET en /api/order/642520d99948284818fdd1dd + function toLocaleTimeString() { [native code] } "}
{"level":"info","message":"GET en /api/carritos/productos/642520d99948284818fdd1dd + function toLocaleTimeString() { [native code] } "}
{"level":"info","message":"GET en /api/carritos/productos/642520d99948284818fdd1dd + function toLocaleTimeString() { [native code] } "}
{"level":"info","message":"GET en /api/carritos/productos/64247674603efa3aee110b56 + function toLocaleTimeString() { [native code] } "}
{"level":"info","message":"GET en /api/carritos/productos/642520d99948284818fdd1dd + function toLocaleTimeString() { [native code] } "}
{"level":"info","message":"GET en /api/carritos/productos/64247674603efa3aee110b56 + function toLocaleTimeString() { [native code] } "}
{"level":"info","message":"GET en /api/carritos + function toLocaleTimeString() { [native code] } "}
{"level":"info","message":"GET en /api/carritos + function toLocaleTimeString() { [native code] } "}
{"level":"info","message":"GET en /api/carritos/productos/64247674603efa3aee110b56 + function toLocaleTimeString() { [native code] } "}
{"level":"info","message":"GET en /api/order/642520d99948284818fdd1dd + function toLocaleTimeString() { [native code] } "}
{"level":"info","message":"GET en /api/carritos/productos/64247674603efa3aee110b56 + function toLocaleTimeString() { [native code] } "}
{"level":"info","message":"POST en /api/order/64247674603efa3aee110b56 + function toLocaleTimeString() { [native code] } "}
{"level":"info","message":"GET en /api/order/64252234c163e821fa948999 + function toLocaleTimeString() { [native code] } "}
{"level":"info","message":"GET en /api/carritos/productos/64247674603efa3aee110b56 + function toLocaleTimeString() { [native code] } "}
{"level":"info","message":"POST en /api/order/64247674603efa3aee110b56 + function toLocaleTimeString() { [native code] } "}
{"level":"info","message":"GET en /api/order/6425226d9fb3a51b4c51a49f + function toLocaleTimeString() { [native code] } "}
{"level":"info","message":"GET en /api/carritos/productos/64247674603efa3aee110b56 + function toLocaleTimeString() { [native code] } "}
{"level":"info","message":"POST en /api/order/64247674603efa3aee110b56 + function toLocaleTimeString() { [native code] } "}
{"level":"info","message":"GET en /api/auth/login + function toLocaleTimeString() { [native code] } "}
{"level":"info","message":"GET en /login + function toLocaleTimeString() { [native code] } "}
{"level":"info","message":"POST en /api/auth/login + function toLocaleTimeString() { [native code] } "}
{"level":"info","message":"POST en /login + function toLocaleTimeString() { [native code] } "}
{"level":"info","message":"GET en / + function toLocaleTimeString() { [native code] } "}
{"level":"info","message":"GET en /socket.io/socket.io.js + function toLocaleTimeString() { [native code] } "}
{"level":"info","message":"GET en /index.js + function toLocaleTimeString() { [native code] } "}
{"level":"info","message":"GET en /api/auth/login + function toLocaleTimeString() { [native code] } "}
{"level":"info","message":"GET en /login + function toLocaleTimeString() { [native code] } "}
{"level":"info","message":"POST en /api/order/64247674603efa3aee110b56 + function toLocaleTimeString() { [native code] } "}
{"level":"info","message":"GET en /api/order/642523a19fb3a51b4c51a4ab + function toLocaleTimeString() { [native code] } "}
{"level":"info","message":"POST en /api/order/64247674603efa3aee110b56 + function toLocaleTimeString() { [native code] } "}
{"level":"info","message":"GET en /api/order/642523dd8181758b8c2c437a + function toLocaleTimeString() { [native code] } "}
{"level":"info","message":"GET en /api/carritos/productos/64247674603efa3aee110b56 + function toLocaleTimeString() { [native code] } "}
{"level":"info","message":"POST en /api/order/64247674603efa3aee110b56 + function toLocaleTimeString() { [native code] } "}
{"level":"info","message":"GET en /api/order/642524953588e9a7a56664f6 + function toLocaleTimeString() { [native code] } "}
{"level":"info","message":"GET en /api/carritos/productos/64247674603efa3aee110b56 + function toLocaleTimeString() { [native code] } "}
{"level":"info","message":"GET en /favicon.ico + function toLocaleTimeString() { [native code] } "}
{"level":"info","message":"POST en /api/order/64247674603efa3aee110b56 + function toLocaleTimeString() { [native code] } "}
{"level":"info","message":"GET en /api/order/6425253b04d4bb3421415184 + function toLocaleTimeString() { [native code] } "}
{"level":"info","message":"GET en /api/productos + function toLocaleTimeString() { [native code] } "}
{"level":"info","message":"GET en /api/carritos + function toLocaleTimeString() { [native code] } "}
{"level":"info","message":"GET en /api/profile + function toLocaleTimeString() { [native code] } "}
{"level":"info","message":"GET en / + function toLocaleTimeString() { [native code] } "}
{"level":"info","message":"GET en /img/1680120201990-avataralex.jpg + function toLocaleTimeString() { [native code] } "}
{"level":"info","message":"GET en /socket.io/socket.io.js + function toLocaleTimeString() { [native code] } "}
{"level":"info","message":"GET en /api/index.js + function toLocaleTimeString() { [native code] } "}
{"level":"info","message":"GET en / + function toLocaleTimeString() { [native code] } "}
{"level":"info","message":"GET en /socket.io/socket.io.js + function toLocaleTimeString() { [native code] } "}
{"level":"info","message":"GET en /index.js + function toLocaleTimeString() { [native code] } "}
{"level":"info","message":"GET en / + function toLocaleTimeString() { [native code] } "}
{"level":"info","message":"GET en /socket.io/socket.io.js + function toLocaleTimeString() { [native code] } "}
{"level":"info","message":"GET en /index.js + function toLocaleTimeString() { [native code] } "}
{"level":"info","message":"GET en /api/productos + function toLocaleTimeString() { [native code] } "}
{"level":"info","message":"GET en /api/cart + function toLocaleTimeString() { [native code] } "}
{"level":"info","message":"GET en /socket.io/socket.io.js + function toLocaleTimeString() { [native code] } "}
{"level":"info","message":"GET en /index.js + function toLocaleTimeString() { [native code] } "}
{"level":"info","message":"GET en / + function toLocaleTimeString() { [native code] } "}
{"level":"info","message":"GET en /api/auth/login + function toLocaleTimeString() { [native code] } "}
{"level":"info","message":"GET en /login + function toLocaleTimeString() { [native code] } "}
{"level":"info","message":"POST en /api/auth/login + function toLocaleTimeString() { [native code] } "}
{"level":"info","message":"POST en /login + function toLocaleTimeString() { [native code] } "}
{"level":"info","message":"GET en / + function toLocaleTimeString() { [native code] } "}
{"level":"info","message":"GET en /socket.io/socket.io.js + function toLocaleTimeString() { [native code] } "}
{"level":"info","message":"GET en /index.js + function toLocaleTimeString() { [native code] } "}
{"level":"info","message":"GET en /api/productos + function toLocaleTimeString() { [native code] } "}
{"level":"info","message":"POST en /api/order/64247674603efa3aee110b56 + function toLocaleTimeString() { [native code] } "}
{"level":"info","message":"GET en /api/order/6425932d1d7c49c5f0f8da8e + function toLocaleTimeString() { [native code] } "}
